#
# A fatal error has been detected by the Java Runtime Environment:
#
#  EXCEPTION_ACCESS_VIOLATION (0xc0000005) at pc=0x000000007204618f, pid=1224, tid=0x0000000000000b80
#
# JRE version: Java(TM) SE Runtime Environment (8.0_181-b13) (build 1.8.0_181-b13)
# Java VM: Java HotSpot(TM) 64-Bit Server VM (25.181-b13 mixed mode windows-amd64 compressed oops)
# Problematic frame:
# V  [jvm.dll+0x4c618f]
#
# Failed to write core dump. Minidumps are not enabled by default on client versions of Windows
#
# If you would like to submit a bug report, please visit:
#   http://bugreport.java.com/bugreport/crash.jsp
#

---------------  T H R E A D  ---------------

Current thread (0x000000005368b000):  JavaThread "C2 CompilerThread0" daemon [_thread_in_native, id=2944, stack(0x0000000054880000,0x0000000054980000)]

siginfo: ExceptionCode=0xc0000005, reading address 0x00000000000000b0

Registers:
RAX=0x0000000000000000, RBX=0x0000000054d51cd8, RCX=0x0000000054d51cd8, RDX=0x0000000000000062
RSP=0x000000005497b770, RBP=0x000000005497bc70, RSI=0x000000005497bc90, RDI=0x000000005497b838
R8 =0x0000000000020000, R9 =0x0000000000004000, R10=0x0000000000000000, R11=0x0000000000000000
R12=0x000000005497b818, R13=0x0000000000000010, R14=0x0000000054d543e8, R15=0x0000000000000002
RIP=0x000000007204618f, EFLAGS=0x0000000000010206

Top of Stack: (sp=0x000000005497b770)
0x000000005497b770:   000000000000163d 0000000000000018
0x000000005497b780:   000000005497b838 000000005497b818
0x000000005497b790:   0000000055bc8050 000000005361f2c0
0x000000005497b7a0:   000000000000000b 0000000000000002
0x000000005497b7b0:   000000005369b3d0 0000000055d2bfa0
0x000000005497b7c0:   000000005361f2c0 000000005497bc70
0x000000005497b7d0:   000000005497b8e0 000000007204824b
0x000000005497b7e0:   000000005497bc70 000000005497b838
0x000000005497b7f0:   0000000000000002 000000005497b888
0x000000005497b800:   0000000055d2bff0 0000000055d33f88
0x000000005497b810:   0000000000160158 000000005361f2c0
0x000000005497b820:   0000000000000200 0000000055c31340
0x000000005497b830:   0000000000000136 00000000721fc7a8
0x000000005497b840:   000000005361f2c0 0000000000000200
0x000000005497b850:   0000000055c32340 000000000000000b
0x000000005497b860:   0000000055d2bfa0 000000005361f2c0 

Instructions: (pc=0x000000007204618f)
0x000000007204616f:   00 49 8b 46 08 41 ff c7 49 83 c5 08 49 8b 5c 05
0x000000007204617f:   f8 48 85 db 0f 84 d3 00 00 00 48 8b 03 48 8b cb
0x000000007204618f:   ff 90 b0 00 00 00 84 c0 74 37 48 8b 03 48 8b cb
0x000000007204619f:   ff 50 10 84 c0 75 2a 48 8b 43 08 8b 7b 28 48 8b 


Register to memory mapping:

RAX=0x0000000000000000 is an unknown value
RBX=0x0000000054d51cd8 is an unknown value
RCX=0x0000000054d51cd8 is an unknown value
RDX=0x0000000000000062 is an unknown value
RSP=0x000000005497b770 is pointing into the stack for thread: 0x000000005368b000
RBP=0x000000005497bc70 is pointing into the stack for thread: 0x000000005368b000
RSI=0x000000005497bc90 is pointing into the stack for thread: 0x000000005368b000
RDI=0x000000005497b838 is pointing into the stack for thread: 0x000000005368b000
R8 =0x0000000000020000 is an unknown value
R9 =0x0000000000004000 is an unknown value
R10=0x0000000000000000 is an unknown value
R11=0x0000000000000000 is an unknown value
R12=0x000000005497b818 is pointing into the stack for thread: 0x000000005368b000
R13=0x0000000000000010 is an unknown value
R14=0x0000000054d543e8 is an unknown value
R15=0x0000000000000002 is an unknown value


Stack: [0x0000000054880000,0x0000000054980000],  sp=0x000000005497b770,  free space=1005k
Native frames: (J=compiled Java code, j=interpreted, Vv=VM code, C=native code)
V  [jvm.dll+0x4c618f]
V  [jvm.dll+0x4c824b]
V  [jvm.dll+0x478660]
V  [jvm.dll+0x479493]
V  [jvm.dll+0x45bd02]
V  [jvm.dll+0xa6b02]
V  [jvm.dll+0xa744f]
V  [jvm.dll+0x245d2f]
V  [jvm.dll+0x29e64a]
C  [MSVCR100.dll+0x21d9f]
C  [MSVCR100.dll+0x21e3b]
C  [kernel32.dll+0x1f56d]
C  [ntdll.dll+0x33281]


Current CompileTask:
C2:   3817  654       4       com.sun.tools.javac.file.ZipFileIndex$ZipDirectory::readEntry (587 bytes)


---------------  P R O C E S S  ---------------

Java Threads: ( => current thread )
  0x00000000536ec000 JavaThread "Service Thread" daemon [_thread_blocked, id=344, stack(0x0000000055040000,0x0000000055140000)]
  0x0000000053695000 JavaThread "C1 CompilerThread1" daemon [_thread_blocked, id=1336, stack(0x0000000054a70000,0x0000000054b70000)]
=>0x000000005368b000 JavaThread "C2 CompilerThread0" daemon [_thread_in_native, id=2944, stack(0x0000000054880000,0x0000000054980000)]
  0x0000000053689000 JavaThread "Attach Listener" daemon [_thread_blocked, id=2124, stack(0x00000000544d0000,0x00000000545d0000)]
  0x0000000053687800 JavaThread "Signal Dispatcher" daemon [_thread_blocked, id=2824, stack(0x00000000545f0000,0x00000000546f0000)]
  0x0000000053670800 JavaThread "Finalizer" daemon [_thread_blocked, id=1748, stack(0x0000000054320000,0x0000000054420000)]
  0x0000000053627800 JavaThread "Reference Handler" daemon [_thread_blocked, id=1440, stack(0x00000000540a0000,0x00000000541a0000)]
  0x0000000001f40000 JavaThread "main" [_thread_in_vm, id=2112, stack(0x00000000021e0000,0x00000000022e0000)]

Other Threads:
  0x000000005361f800 VMThread [stack: 0x0000000054210000,0x0000000054310000] [id=2024]
  0x00000000536ef000 WatcherThread [stack: 0x0000000055290000,0x0000000055390000] [id=3064]

VM state:not at safepoint (normal execution)

VM Mutex/Monitor currently owned by a thread:  ([mutex/lock_event])
[0x0000000001e1df50] SystemDictionary_lock - owner thread: 0x0000000000000000

Heap:
 PSYoungGen      total 14336K, used 4632K [0x00000000f5600000, 0x00000000f7700000, 0x0000000100000000)
  eden space 11776K, 22% used [0x00000000f5600000,0x00000000f5888e40,0x00000000f6180000)
  from space 2560K, 79% used [0x00000000f6180000,0x00000000f637d448,0x00000000f6400000)
  to   space 5120K, 0% used [0x00000000f7200000,0x00000000f7200000,0x00000000f7700000)
 ParOldGen       total 12800K, used 6450K [0x00000000e0200000, 0x00000000e0e80000, 0x00000000f5600000)
  object space 12800K, 50% used [0x00000000e0200000,0x00000000e084c948,0x00000000e0e80000)
 Metaspace       used 7771K, capacity 8564K, committed 8704K, reserved 1056768K
  class space    used 916K, capacity 944K, committed 1024K, reserved 1048576K

Card table byte_map: [0x0000000002020000,0x0000000002120000] byte_map_base: 0x000000000191f000

Marking Bits: (ParMarkBitMap*) 0x00000000723a2d00
 Begin Bits: [0x0000000011d00000, 0x00000000124f8000)
 End Bits:   [0x00000000124f8000, 0x0000000012cf0000)

Polling page: 0x0000000001c40000

CodeCache: size=245760Kb used=3624Kb max_used=3624Kb free=242135Kb
 bounds [0x00000000025b0000, 0x0000000002940000, 0x00000000115b0000]
 total_blobs=1056 nmethods=772 adapters=199
 compilation: enabled

Compilation events (10 events):
Event: 3.766 Thread 0x0000000053695000 nmethod 751 0x00000000029260d0 code [0x0000000002926240, 0x00000000029263a8]
Event: 3.766 Thread 0x0000000053695000  752   !   2       java.lang.ref.ReferenceQueue::remove (125 bytes)
Event: 3.767 Thread 0x0000000053695000 nmethod 752 0x0000000002926450 code [0x0000000002926600, 0x0000000002926c58]
Event: 3.767 Thread 0x0000000053695000  753   !   2       java.lang.ref.Finalizer::runFinalizer (62 bytes)
Event: 3.768 Thread 0x0000000053695000 nmethod 753 0x0000000002927050 code [0x00000000029271e0, 0x0000000002927638]
Event: 3.774 Thread 0x0000000053695000  756       2       com.sun.tools.javac.util.SharedNameTable::fromChars (187 bytes)
Event: 3.776 Thread 0x0000000053695000 nmethod 756 0x0000000002927810 code [0x00000000029279c0, 0x0000000002928018]
Event: 3.777 Thread 0x0000000053695000  757       2       com.sun.tools.javac.jvm.ClassReader::readPool (504 bytes)
Event: 3.782 Thread 0x0000000053695000 nmethod 757 0x0000000002928510 code [0x0000000002928940, 0x000000000292a688]
Event: 3.782 Thread 0x0000000053695000  763   !   2       com.sun.tools.javac.jvm.ClassReader::classSigToType (498 bytes)

GC Heap History (10 events):
Event: 1.687 GC heap before
{Heap before GC invocations=4 (full 0):
 PSYoungGen      total 3584K, used 3583K [0x00000000f5600000, 0x00000000f5d00000, 0x0000000100000000)
  eden space 3072K, 100% used [0x00000000f5600000,0x00000000f5900000,0x00000000f5900000)
  from space 512K, 99% used [0x00000000f5900000,0x00000000f597fc20,0x00000000f5980000)
  to   space 512K, 0% used [0x00000000f5c80000,0x00000000f5c80000,0x00000000f5d00000)
 ParOldGen       total 5632K, used 568K [0x00000000e0200000, 0x00000000e0780000, 0x00000000f5600000)
  object space 5632K, 10% used [0x00000000e0200000,0x00000000e028e070,0x00000000e0780000)
 Metaspace       used 6162K, capacity 7280K, committed 7552K, reserved 1056768K
  class space    used 779K, capacity 812K, committed 896K, reserved 1048576K
Event: 1.690 GC heap after
Heap after GC invocations=4 (full 0):
 PSYoungGen      total 6656K, used 480K [0x00000000f5600000, 0x00000000f5d00000, 0x0000000100000000)
  eden space 6144K, 0% used [0x00000000f5600000,0x00000000f5600000,0x00000000f5c00000)
  from space 512K, 93% used [0x00000000f5c80000,0x00000000f5cf8010,0x00000000f5d00000)
  to   space 512K, 0% used [0x00000000f5c00000,0x00000000f5c00000,0x00000000f5c80000)
 ParOldGen       total 5632K, used 909K [0x00000000e0200000, 0x00000000e0780000, 0x00000000f5600000)
  object space 5632K, 16% used [0x00000000e0200000,0x00000000e02e3570,0x00000000e0780000)
 Metaspace       used 6162K, capacity 7280K, committed 7552K, reserved 1056768K
  class space    used 779K, capacity 812K, committed 896K, reserved 1048576K
}
Event: 2.359 GC heap before
{Heap before GC invocations=5 (full 0):
 PSYoungGen      total 6656K, used 6624K [0x00000000f5600000, 0x00000000f5d00000, 0x0000000100000000)
  eden space 6144K, 100% used [0x00000000f5600000,0x00000000f5c00000,0x00000000f5c00000)
  from space 512K, 93% used [0x00000000f5c80000,0x00000000f5cf8010,0x00000000f5d00000)
  to   space 512K, 0% used [0x00000000f5c00000,0x00000000f5c00000,0x00000000f5c80000)
 ParOldGen       total 5632K, used 909K [0x00000000e0200000, 0x00000000e0780000, 0x00000000f5600000)
  object space 5632K, 16% used [0x00000000e0200000,0x00000000e02e3570,0x00000000e0780000)
 Metaspace       used 7358K, capacity 8308K, committed 8448K, reserved 1056768K
  class space    used 890K, capacity 944K, committed 1024K, reserved 1048576K
Event: 2.376 GC heap after
Heap after GC invocations=5 (full 0):
 PSYoungGen      total 6656K, used 488K [0x00000000f5600000, 0x00000000f6600000, 0x0000000100000000)
  eden space 6144K, 0% used [0x00000000f5600000,0x00000000f5600000,0x00000000f5c00000)
  from space 512K, 95% used [0x00000000f5c00000,0x00000000f5c7a3b8,0x00000000f5c80000)
  to   space 2048K, 0% used [0x00000000f6400000,0x00000000f6400000,0x00000000f6600000)
 ParOldGen       total 5632K, used 2285K [0x00000000e0200000, 0x00000000e0780000, 0x00000000f5600000)
  object space 5632K, 40% used [0x00000000e0200000,0x00000000e043b5a0,0x00000000e0780000)
 Metaspace       used 7358K, capacity 8308K, committed 8448K, reserved 1056768K
  class space    used 890K, capacity 944K, committed 1024K, reserved 1048576K
}
Event: 2.689 GC heap before
{Heap before GC invocations=6 (full 0):
 PSYoungGen      total 6656K, used 5658K [0x00000000f5600000, 0x00000000f6600000, 0x0000000100000000)
  eden space 6144K, 84% used [0x00000000f5600000,0x00000000f5b0c740,0x00000000f5c00000)
  from space 512K, 95% used [0x00000000f5c00000,0x00000000f5c7a3b8,0x00000000f5c80000)
  to   space 2048K, 0% used [0x00000000f6400000,0x00000000f6400000,0x00000000f6600000)
 ParOldGen       total 5632K, used 2285K [0x00000000e0200000, 0x00000000e0780000, 0x00000000f5600000)
  object space 5632K, 40% used [0x00000000e0200000,0x00000000e043b5a0,0x00000000e0780000)
 Metaspace       used 7509K, capacity 8372K, committed 8704K, reserved 1056768K
  class space    used 899K, capacity 944K, committed 1024K, reserved 1048576K
Event: 2.728 GC heap after
Heap after GC invocations=6 (full 0):
 PSYoungGen      total 13824K, used 2017K [0x00000000f5600000, 0x00000000f6700000, 0x0000000100000000)
  eden space 11776K, 0% used [0x00000000f5600000,0x00000000f5600000,0x00000000f6180000)
  from space 2048K, 98% used [0x00000000f6400000,0x00000000f65f8508,0x00000000f6600000)
  to   space 2560K, 0% used [0x00000000f6180000,0x00000000f6180000,0x00000000f6400000)
 ParOldGen       total 5632K, used 2452K [0x00000000e0200000, 0x00000000e0780000, 0x00000000f5600000)
  object space 5632K, 43% used [0x00000000e0200000,0x00000000e0465310,0x00000000e0780000)
 Metaspace       used 7509K, capacity 8372K, committed 8704K, reserved 1056768K
  class space    used 899K, capacity 944K, committed 1024K, reserved 1048576K
}
Event: 3.325 GC heap before
{Heap before GC invocations=7 (full 0):
 PSYoungGen      total 13824K, used 13793K [0x00000000f5600000, 0x00000000f6700000, 0x0000000100000000)
  eden space 11776K, 100% used [0x00000000f5600000,0x00000000f6180000,0x00000000f6180000)
  from space 2048K, 98% used [0x00000000f6400000,0x00000000f65f8508,0x00000000f6600000)
  to   space 2560K, 0% used [0x00000000f6180000,0x00000000f6180000,0x00000000f6400000)
 ParOldGen       total 5632K, used 2452K [0x00000000e0200000, 0x00000000e0780000, 0x00000000f5600000)
  object space 5632K, 43% used [0x00000000e0200000,0x00000000e0465310,0x00000000e0780000)
 Metaspace       used 7684K, capacity 8500K, committed 8704K, reserved 1056768K
  class space    used 910K, capacity 944K, committed 1024K, reserved 1048576K
Event: 3.364 GC heap after
Heap after GC invocations=7 (full 0):
 PSYoungGen      total 14336K, used 2551K [0x00000000f5600000, 0x00000000f7700000, 0x0000000100000000)
  eden space 11776K, 0% used [0x00000000f5600000,0x00000000f5600000,0x00000000f6180000)
  from space 2560K, 99% used [0x00000000f6180000,0x00000000f63fde78,0x00000000f6400000)
  to   space 5120K, 0% used [0x00000000f7200000,0x00000000f7200000,0x00000000f7700000)
 ParOldGen       total 6656K, used 6263K [0x00000000e0200000, 0x00000000e0880000, 0x00000000f5600000)
  object space 6656K, 94% used [0x00000000e0200000,0x00000000e081ded8,0x00000000e0880000)
 Metaspace       used 7684K, capacity 8500K, committed 8704K, reserved 1056768K
  class space    used 910K, capacity 944K, committed 1024K, reserved 1048576K
}
Event: 3.364 GC heap before
{Heap before GC invocations=8 (full 1):
 PSYoungGen      total 14336K, used 2551K [0x00000000f5600000, 0x00000000f7700000, 0x0000000100000000)
  eden space 11776K, 0% used [0x00000000f5600000,0x00000000f5600000,0x00000000f6180000)
  from space 2560K, 99% used [0x00000000f6180000,0x00000000f63fde78,0x00000000f6400000)
  to   space 5120K, 0% used [0x00000000f7200000,0x00000000f7200000,0x00000000f7700000)
 ParOldGen       total 6656K, used 6263K [0x00000000e0200000, 0x00000000e0880000, 0x00000000f5600000)
  object space 6656K, 94% used [0x00000000e0200000,0x00000000e081ded8,0x00000000e0880000)
 Metaspace       used 7684K, capacity 8500K, committed 8704K, reserved 1056768K
  class space    used 910K, capacity 944K, committed 1024K, reserved 1048576K
Event: 3.738 GC heap after
Heap after GC invocations=8 (full 1):
 PSYoungGen      total 14336K, used 2037K [0x00000000f5600000, 0x00000000f7700000, 0x0000000100000000)
  eden space 11776K, 0% used [0x00000000f5600000,0x00000000f5600000,0x00000000f6180000)
  from space 2560K, 79% used [0x00000000f6180000,0x00000000f637d448,0x00000000f6400000)
  to   space 5120K, 0% used [0x00000000f7200000,0x00000000f7200000,0x00000000f7700000)
 ParOldGen       total 12800K, used 6450K [0x00000000e0200000, 0x00000000e0e80000, 0x00000000f5600000)
  object space 12800K, 50% used [0x00000000e0200000,0x00000000e084c948,0x00000000e0e80000)
 Metaspace       used 7684K, capacity 8500K, committed 8704K, reserved 1056768K
  class space    used 910K, capacity 944K, committed 1024K, reserved 1048576K
}

Deoptimization events (10 events):
Event: 1.797 Thread 0x0000000001f40000 Uncommon trap: reason=unstable_if action=reinterpret pc=0x0000000002729c0c method=java.lang.String.replace(CC)Ljava/lang/String; @ 26
Event: 1.806 Thread 0x0000000001f40000 Uncommon trap: reason=class_check action=maybe_recompile pc=0x000000000273d300 method=sun.misc.URLClassPath.getLoader(I)Lsun/misc/URLClassPath$Loader; @ 94
Event: 2.162 Thread 0x0000000001f40000 Uncommon trap: reason=unstable_if action=reinterpret pc=0x0000000002741894 method=java.lang.String.<init>([CII)V @ 18
Event: 2.202 Thread 0x0000000001f40000 Uncommon trap: reason=unstable_if action=reinterpret pc=0x0000000002777844 method=com.sun.tools.javac.parser.UnicodeReader.scanChar()V @ 37
Event: 2.202 Thread 0x0000000001f40000 Uncommon trap: reason=unstable_if action=reinterpret pc=0x0000000002778478 method=com.sun.tools.javac.parser.UnicodeReader.scanChar()V @ 37
Event: 2.474 Thread 0x0000000001f40000 Uncommon trap: reason=unstable_if action=reinterpret pc=0x0000000002834940 method=java.lang.String.<init>([CII)V @ 18
Event: 2.574 Thread 0x0000000001f40000 Uncommon trap: reason=unstable_if action=reinterpret pc=0x000000000282c360 method=com.sun.tools.javac.util.ArrayUtils.ensureCapacity([CI)[C @ 3
Event: 2.662 Thread 0x0000000001f40000 Uncommon trap: reason=unstable_if action=reinterpret pc=0x00000000027376bc method=java.lang.String.indexOf([CII[CIII)I @ 123
Event: 3.211 Thread 0x0000000001f40000 Uncommon trap: reason=unstable_if action=reinterpret pc=0x0000000002795240 method=com.sun.tools.javac.util.Name$Table.equals([BI[BII)Z @ 22
Event: 3.771 Thread 0x0000000001f40000 Uncommon trap: reason=unstable_if action=reinterpret pc=0x0000000002897ee8 method=com.sun.tools.javac.util.Name$Table.equals([BI[BII)Z @ 22

Classes redefined (0 events):
No events

Internal exceptions (10 events):
Event: 0.122 Thread 0x0000000001f40000 Exception <a 'java/lang/NoSuchMethodError': Method sun.misc.Unsafe.defineClass(Ljava/lang/String;[BII)Ljava/lang/Class; name or signature does not match> (0x00000000f5607cd8) thrown at [C:\re\workspace\8-2-build-windows-amd64-cygwin\jdk8u181\11358\hotspot
Event: 0.123 Thread 0x0000000001f40000 Exception <a 'java/lang/NoSuchMethodError': Method sun.misc.Unsafe.prefetchRead(Ljava/lang/Object;J)V name or signature does not match> (0x00000000f5607fc0) thrown at [C:\re\workspace\8-2-build-windows-amd64-cygwin\jdk8u181\11358\hotspot\src\share\vm\prim
Event: 0.673 Thread 0x0000000001f40000 Exception <a 'java/security/PrivilegedActionException'> (0x00000000f577a250) thrown at [C:\re\workspace\8-2-build-windows-amd64-cygwin\jdk8u181\11358\hotspot\src\share\vm\prims\jvm.cpp, line 1435]
Event: 0.673 Thread 0x0000000001f40000 Exception <a 'java/security/PrivilegedActionException'> (0x00000000f577a648) thrown at [C:\re\workspace\8-2-build-windows-amd64-cygwin\jdk8u181\11358\hotspot\src\share\vm\prims\jvm.cpp, line 1435]
Event: 0.675 Thread 0x0000000001f40000 Exception <a 'java/security/PrivilegedActionException'> (0x00000000f577e740) thrown at [C:\re\workspace\8-2-build-windows-amd64-cygwin\jdk8u181\11358\hotspot\src\share\vm\prims\jvm.cpp, line 1435]
Event: 0.675 Thread 0x0000000001f40000 Exception <a 'java/security/PrivilegedActionException'> (0x00000000f577eb38) thrown at [C:\re\workspace\8-2-build-windows-amd64-cygwin\jdk8u181\11358\hotspot\src\share\vm\prims\jvm.cpp, line 1435]
Event: 0.719 Thread 0x0000000001f40000 Exception <a 'java/security/PrivilegedActionException'> (0x00000000f5633ec0) thrown at [C:\re\workspace\8-2-build-windows-amd64-cygwin\jdk8u181\11358\hotspot\src\share\vm\prims\jvm.cpp, line 1435]
Event: 0.719 Thread 0x0000000001f40000 Exception <a 'java/security/PrivilegedActionException'> (0x00000000f56342b8) thrown at [C:\re\workspace\8-2-build-windows-amd64-cygwin\jdk8u181\11358\hotspot\src\share\vm\prims\jvm.cpp, line 1435]
Event: 2.917 Thread 0x0000000001f40000 Exception <a 'java/io/FileNotFoundException'> (0x00000000f5c4b228) thrown at [C:\re\workspace\8-2-build-windows-amd64-cygwin\jdk8u181\11358\hotspot\src\share\vm\prims\jni.cpp, line 709]
Event: 2.923 Thread 0x0000000001f40000 Exception <a 'java/io/FileNotFoundException'> (0x00000000f5c7f980) thrown at [C:\re\workspace\8-2-build-windows-amd64-cygwin\jdk8u181\11358\hotspot\src\share\vm\prims\jni.cpp, line 709]

Events (10 events):
Event: 3.738 Executing VM operation: ParallelGCFailedAllocation done
Event: 3.740 loading class com/sun/tools/javac/code/Scope$1
Event: 3.740 loading class com/sun/tools/javac/code/Scope$1 done
Event: 3.750 loading class com/sun/tools/javac/code/Type$ArrayType$1
Event: 3.750 loading class com/sun/tools/javac/code/Type$ArrayType$1 done
Event: 3.771 Thread 0x0000000001f40000 Uncommon trap: trap_request=0xffffff65 fr.pc=0x0000000002897ee8
Event: 3.771 Thread 0x0000000001f40000 DEOPT PACKING pc=0x0000000002897ee8 sp=0x00000000022de030
Event: 3.771 Thread 0x0000000001f40000 DEOPT UNPACKING pc=0x00000000025f557b sp=0x00000000022ddf38 mode 2
Event: 3.777 loading class java/io/DataInputStream
Event: 3.777 loading class java/io/DataInputStream done


Dynamic libraries:
0x000000013f7e0000 - 0x000000013f7e7000 	C:\Program Files\Java\jdk1.8.0_181\bin\javac.exe
0x0000000076e10000 - 0x0000000076fbb000 	C:\Windows\SYSTEM32\ntdll.dll
0x0000000076cf0000 - 0x0000000076e0f000 	C:\Windows\system32\kernel32.dll
0x000007fefce40000 - 0x000007fefceab000 	C:\Windows\system32\KERNELBASE.dll
0x0000000074320000 - 0x000000007434f000 	C:\Program Files\Java\jdk1.8.0_181\bin\jli.dll
0x000007fefd8d0000 - 0x000007fefd9ab000 	C:\Windows\system32\ADVAPI32.dll
0x000007fefeb20000 - 0x000007fefebbf000 	C:\Windows\system32\msvcrt.dll
0x000007fefd2c0000 - 0x000007fefd2df000 	C:\Windows\SYSTEM32\sechost.dll
0x000007fefe9f0000 - 0x000007fefeb1e000 	C:\Windows\system32\RPCRT4.dll
0x000007fefb850000 - 0x000007fefba44000 	C:\Windows\WinSxS\amd64_microsoft.windows.common-controls_6595b64144ccf1df_6.0.7600.16385_none_fa645303170382f6\COMCTL32.dll
0x000007fefd250000 - 0x000007fefd2b7000 	C:\Windows\system32\GDI32.dll
0x0000000076bf0000 - 0x0000000076cea000 	C:\Windows\system32\USER32.dll
0x000007fefd2e0000 - 0x000007fefd2ee000 	C:\Windows\system32\LPK.dll
0x000007fefd630000 - 0x000007fefd6fa000 	C:\Windows\system32\USP10.dll
0x000007feff090000 - 0x000007feff101000 	C:\Windows\system32\SHLWAPI.dll
0x0000000074240000 - 0x0000000074312000 	C:\Program Files\Java\jdk1.8.0_181\bin\MSVCR100.dll
0x000007fefd880000 - 0x000007fefd8ae000 	C:\Windows\system32\IMM32.DLL
0x000007fefd140000 - 0x000007fefd249000 	C:\Windows\system32\MSCTF.dll
0x0000000074890000 - 0x0000000074962000 	C:\Program Files\Java\jdk1.8.0_181\jre\bin\msvcr100.dll
0x0000000071b80000 - 0x0000000072422000 	C:\Program Files\Java\jdk1.8.0_181\jre\bin\server\jvm.dll
0x000007fefab50000 - 0x000007fefab59000 	C:\Windows\system32\WSOCK32.dll
0x000007fefec40000 - 0x000007fefec8d000 	C:\Windows\system32\WS2_32.dll
0x000007feff110000 - 0x000007feff118000 	C:\Windows\system32\NSI.dll
0x000007fef8c60000 - 0x000007fef8c9b000 	C:\Windows\system32\WINMM.dll
0x000007fefbee0000 - 0x000007fefbeec000 	C:\Windows\system32\VERSION.dll
0x0000000076fd0000 - 0x0000000076fd7000 	C:\Windows\system32\PSAPI.DLL
0x0000000074a00000 - 0x0000000074a0f000 	C:\Program Files\Java\jdk1.8.0_181\jre\bin\verify.dll
0x00000000749d0000 - 0x00000000749f9000 	C:\Program Files\Java\jdk1.8.0_181\jre\bin\java.dll
0x00000000749b0000 - 0x00000000749c6000 	C:\Program Files\Java\jdk1.8.0_181\jre\bin\zip.dll
0x000007fefd9b0000 - 0x000007fefe736000 	C:\Windows\system32\SHELL32.dll
0x000007fefd420000 - 0x000007fefd621000 	C:\Windows\system32\ole32.dll
0x000007fefcd70000 - 0x000007fefcd7f000 	C:\Windows\system32\profapi.dll
0x000007fef7c70000 - 0x000007fef7d95000 	C:\Windows\system32\dbghelp.dll

VM Arguments:
jvm_args: -Dapplication.home=C:\Program Files\Java\jdk1.8.0_181 -Xms8m 
java_command: com.sun.tools.javac.Main -d C:\Users\manas singh\Documents\NetBeansProjects\build\classes -classpath C:\Users\manas singh\Documents\NetBeansProjects\build\classes;C:\Program Files\NetBeans 8.2\java\modules\ext\AbsoluteLayout.jar -sourcepath C:\Users\manas singh\Documents\NetBeansProjects\build\empty -target 1.8 -encoding UTF-8 -g -processorpath C:\Program Files\NetBeans 8.2\java\modules\ext\AbsoluteLayout.jar;C:\Users\manas singh\Documents\NetBeansProjects\build\empty -s C:\Users\manas singh\Documents\NetBeansProjects\build\generated-sources\ap-source-output -source 1.8 C:\Users\manas singh\Documents\NetBeansProjects\src\javax\swing\Unsupported.java C:\Users\manas singh\Documents\NetBeansProjects\src\myapplication\AllAssignments.java C:\Users\manas singh\Documents\NetBeansProjects\src\myapplication\Item.java C:\Users\manas singh\Documents\NetBeansProjects\src\myapplication\addstudent.java C:\Users\manas singh\Documents\NetBeansProjects\src\myapplication\assignment2.java C:\Users\manas singh\Documents\NetBeansProjects\src\myapplication\assignment3.java C:\Users\manas singh\Documents\NetBeansProjects\src\myapplication\assignment4.java C:\Users\manas singh\Documents\NetBeansProjects\src\myapplication\assignment5.java C:\Users\manas singh\Documents\NetBeansProjects\src\myapplication\assignment6.java C:\Users\manas singh\Documents\NetBeansProjects\src\myapplication\assignment7.java C:\Users\manas singh\Documents\NetBeansProjects\src\myapplication\assignment8.java C:\Users\manas singh\Documents\NetBeansProjects\src\myapplication\assignment9.java C:\Users\manas singh\Documents\NetBeansProjects\src\myapplication\assignmentMainPage.java C:\Users\manas singh\Documents\NetBeansProjects\src\myapplication\assignments.java C:\Users\manas singh\Documents\NetBeansProjects\src\myapplication\attendence.java C:\Users\manas singh\Documents\NetBeansProjects\src\myapplication\firstpage.java C:\Users\manas singh\Documents\NetBeansProjects\src\myapplication\imageattachDemo.
java_class_path (initial): C:\Program Files\Java\jdk1.8.0_181/lib/tools.jar;C:\Program Files\Java\jdk1.8.0_181/classes
Launcher Type: SUN_STANDARD

Environment Variables:
PATH=C:\Program Files (x86)\Common Files\Oracle\Java\javapath;C:\Windows\system32;C:\Windows;C:\Windows\System32\Wbem;C:\Windows\System32\WindowsPowerShell\v1.0\
USERNAME=manas singh
OS=Windows_NT
PROCESSOR_IDENTIFIER=Intel64 Family 6 Model 23 Stepping 10, GenuineIntel



---------------  S Y S T E M  ---------------

OS: Windows 7 , 64 bit Build 7600 (6.1.7600.16385)

CPU:total 2 (initial active 2) (2 cores per cpu, 1 threads per core) family 6 model 23 stepping 10, cmov, cx8, fxsr, mmx, sse, sse2, sse3, ssse3, tsc

Memory: 4k page, physical 2086392k(778444k free), swap 4172784k(2430220k free)

vm_info: Java HotSpot(TM) 64-Bit Server VM (25.181-b13) for windows-amd64 JRE (1.8.0_181-b13), built on Jul  7 2018 04:01:33 by "java_re" with MS VC++ 10.0 (VS2010)

time: Fri Aug 17 18:12:10 2018
elapsed time: 3 seconds (0d 0h 0m 3s)

